<?xml version="1.0" encoding="UTF-8"?>
<!-- Generated by org.testng.reporters.JUnitXMLReporter -->
<testsuite ignored="0" hostname="DESKTOP-US1CTOQ" failures="0" tests="6" name="Default test" time="0.187" errors="0" timestamp="2023-06-27T13:05:09 IST">
  <testcase classname="com.selenium.automation.testng.HandleAlertsTest" name="@BeforeTest openBrowser" time="-1.687851309091E9">
    <failure type="org.testng.TestNGException" message="
Parameter &amp;apos;browserName&amp;apos; is required by BeforeTest on method openBrowser but has not been marked @Optional or defined
in C:\Users\Genius\AppData\Local\Temp\testng-eclipse--2111465851\testng-customsuite.xml">
      <![CDATA[org.testng.TestNGException: 
Parameter 'browserName' is required by BeforeTest on method openBrowser but has not been marked @Optional or defined
in C:\Users\Genius\AppData\Local\Temp\testng-eclipse--2111465851\testng-customsuite.xml
at org.testng.internal.Parameters.createParams(Parameters.java:270)
at org.testng.internal.Parameters.createParametersForMethod(Parameters.java:358)
at org.testng.internal.Parameters.createParameters(Parameters.java:700)
at org.testng.internal.Parameters.createConfigurationParameters(Parameters.java:168)
at org.testng.internal.ConfigInvoker.invokeConfigurations(ConfigInvoker.java:302)
at org.testng.TestRunner.invokeTestConfigurations(TestRunner.java:637)
at org.testng.TestRunner.beforeRun(TestRunner.java:627)
at org.testng.TestRunner.run(TestRunner.java:589)
at org.testng.SuiteRunner.runTest(SuiteRunner.java:377)
at org.testng.SuiteRunner.runSequentially(SuiteRunner.java:371)
at org.testng.SuiteRunner.privateRun(SuiteRunner.java:332)
at org.testng.SuiteRunner.run(SuiteRunner.java:276)
at org.testng.SuiteRunnerWorker.runSuite(SuiteRunnerWorker.java:53)
at org.testng.SuiteRunnerWorker.run(SuiteRunnerWorker.java:96)
at org.testng.TestNG.runSuitesSequentially(TestNG.java:1212)
at org.testng.TestNG.runSuitesLocally(TestNG.java:1134)
at org.testng.TestNG.runSuites(TestNG.java:1063)
at org.testng.TestNG.run(TestNG.java:1031)
at org.testng.remote.AbstractRemoteTestNG.run(AbstractRemoteTestNG.java:115)
at org.testng.remote.RemoteTestNG.initAndRun(RemoteTestNG.java:251)
at org.testng.remote.RemoteTestNG.main(RemoteTestNG.java:77)
]]>
    </failure>
  </testcase> <!-- @BeforeTest openBrowser -->
  <testcase classname="com.selenium.automation.testng.HandleAlertsTest" name="@AfterTest closeBrowser" time="-1.68785130926E9">
    <skipped/>
  </testcase> <!-- @AfterTest closeBrowser -->
  <testcase classname="com.selenium.automation.testng.HandleAlertsTest" name="navigateToURL" time="0.0">
    <skipped/>
  </testcase> <!-- navigateToURL -->
  <testcase classname="com.selenium.automation.testng.HandleAlertsTest" name="hoverOverMenu" time="0.0">
    <skipped/>
  </testcase> <!-- hoverOverMenu -->
  <testcase classname="com.selenium.automation.testng.HandleAlertsTest" name="selectAlertsOption" time="0.0">
    <skipped/>
  </testcase> <!-- selectAlertsOption -->
  <testcase classname="com.selenium.automation.testng.HandleAlertsTest" name="handleSimpleAlert" time="0.0">
    <skipped/>
  </testcase> <!-- handleSimpleAlert -->
  <testcase classname="com.selenium.automation.testng.HandleAlertsTest" name="handleConfirmationAlert" time="0.0">
    <skipped/>
  </testcase> <!-- handleConfirmationAlert -->
  <testcase classname="com.selenium.automation.testng.HandleAlertsTest" name="handlePromptAlert" time="0.0">
    <skipped/>
  </testcase> <!-- handlePromptAlert -->
</testsuite> <!-- Default test -->
